# ELBREAD: Elaboration process.
# ELBREAD: Warning: Module 'FIFO_TEST' does not have a `timescale directive, but previous modules do.
# ELBREAD: Elaboration time 0.0 [s].
asim -O5 +access +r +m+FIFO_TEST FIFO_TEST
# ELBREAD: Elaboration process.
# ELBREAD: Warning: Module 'FIFO_TEST' does not have a `timescale directive, but previous modules do.
# ELBREAD: Elaboration time 0.0 [s].
# asim: Stack memory: 32MB
# asim: Retval memory: 32MB
# KERNEL: Main thread initiated.
# KERNEL: Kernel process initialization phase.
# KERNEL: Time resolution set to 1ps.
# ELAB2: Elaboration final pass...
# ELAB2: Create instances ...
# ELAB2: Create instances complete.
# SLP: Started
# SLP: Finished. Using existing simulator library
# SLP: 0 primitives and 20 (100.00%) other processes in SLP
# SLP: 59 (100.00%) signals in SLP and 0 interface signals
# ELAB2: Elaboration final pass complete - time: 0.0 [s].
# KERNEL: SLP loading done - time: 0.0 [s].
# KERNEL: SLP simulation initialization done - time: 0.0 [s].
# KERNEL: Kernel process initialization done.
# Allocation: Simulator allocated 5261 kB (elbread=1023 elab2=4148 kernel=89 sdf=0)
# KERNEL: ASDB file was created in location C:\My_Designs\fifo\fifo\src\wave.asdb
#  17:52, 11 марта 2021 г.
#  Simulation has been initialized
#  Selected Top-Level: FIFO_TEST (FIFO_TEST)
# 13 signal(s) traced.
run
# KERNEL: data lost! out = 00000001. Correct out is 00000010
# KERNEL: data lost! out = 00000010. Correct out is 00000011
# RUNTIME: RUNTIME_0068 FIFO_TEST.v (70): $finish called.
# KERNEL: Time: 1080 ps,  Iteration: 0,  Instance: /FIFO_TEST,  Process: @INITIAL#55_3@.
# KERNEL: stopped at time: 1080 ps
endsim
#  Simulation has been stopped
asim -O5 +access +r +m+FIFO_TEST FIFO_TEST
# ELBREAD: Elaboration process.
# ELBREAD: Warning: Module 'FIFO_TEST' does not have a `timescale directive, but previous modules do.
# ELBREAD: Elaboration time 0.0 [s].
# asim: Stack memory: 32MB
# asim: Retval memory: 32MB
# KERNEL: Main thread initiated.
# KERNEL: Kernel process initialization phase.
# KERNEL: Time resolution set to 1ps.
# ELAB2: Elaboration final pass...
# ELAB2: Create instances ...
# ELAB2: Create instances complete.
# SLP: Started
# SLP: Finished. Using existing simulator library
# SLP: 0 primitives and 20 (100.00%) other processes in SLP
# SLP: 59 (100.00%) signals in SLP and 0 interface signals
# ELAB2: Elaboration final pass complete - time: 0.0 [s].
# KERNEL: SLP loading done - time: 0.0 [s].
# KERNEL: SLP simulation initialization done - time: 0.0 [s].
# KERNEL: Kernel process initialization done.
# Allocation: Simulator allocated 5261 kB (elbread=1023 elab2=4148 kernel=89 sdf=0)
# KERNEL: ASDB file was created in location C:\My_Designs\fifo\fifo\src\wave.asdb
#  17:54, 11 марта 2021 г.
#  Simulation has been initialized
#  Selected Top-Level: FIFO_TEST (FIFO_TEST)
# 1 signal(s) traced.
run
# KERNEL: data lost! out = 00000001. Correct out is 00000010
# KERNEL: data lost! out = 00000010. Correct out is 00000011
# RUNTIME: RUNTIME_0068 FIFO_TEST.v (70): $finish called.
# KERNEL: Time: 1080 ps,  Iteration: 0,  Instance: /FIFO_TEST,  Process: @INITIAL#55_3@.
# KERNEL: stopped at time: 1080 ps
endsim
#  Simulation has been stopped
# Error: Accelerated Waveform: Simulation database is not connected. Initialize simulation or load simulation database by opening waveform file (AWC, ASDB).
asim -O5 +access +r +m+FIFO_TEST FIFO_TEST
# ELBREAD: Elaboration process.
# ELBREAD: Warning: Module 'FIFO_TEST' does not have a `timescale directive, but previous modules do.
# ELBREAD: Elaboration time 0.0 [s].
# asim: Stack memory: 32MB
# asim: Retval memory: 32MB
# KERNEL: Main thread initiated.
# KERNEL: Kernel process initialization phase.
# KERNEL: Time resolution set to 1ps.
# ELAB2: Elaboration final pass...
# ELAB2: Create instances ...
# ELAB2: Create instances complete.
# SLP: Started
# SLP: Finished. Using existing simulator library
# SLP: 0 primitives and 20 (100.00%) other processes in SLP
# SLP: 59 (100.00%) signals in SLP and 0 interface signals
# ELAB2: Elaboration final pass complete - time: 0.0 [s].
# KERNEL: SLP loading done - time: 0.0 [s].
# KERNEL: SLP simulation initialization done - time: 0.0 [s].
# KERNEL: Kernel process initialization done.
# Allocation: Simulator allocated 5261 kB (elbread=1023 elab2=4148 kernel=89 sdf=0)
# KERNEL: ASDB file was created in location C:\My_Designs\fifo\fifo\src\wave.asdb
#  17:55, 11 марта 2021 г.
#  Simulation has been initialized
#  Selected Top-Level: FIFO_TEST (FIFO_TEST)
# 13 signal(s) traced.
run
# KERNEL: data lost! out = 00000001. Correct out is 00000010
# KERNEL: data lost! out = 00000010. Correct out is 00000011
# RUNTIME: RUNTIME_0068 FIFO_TEST.v (70): $finish called.
# KERNEL: Time: 1080 ps,  Iteration: 0,  Instance: /FIFO_TEST,  Process: @INITIAL#55_3@.
# KERNEL: stopped at time: 1080 ps
endsim
#  Simulation has been stopped
